{"/Users/josh/401/labs/lambda-read-pokemon-card/index.js": {"path":"/Users/josh/401/labs/lambda-read-pokemon-card/index.js","statementMap":{"0":{"start":{"line":3,"column":18},"end":{"line":3,"column":38}},"1":{"start":{"line":6,"column":26},"end":{"line":11,"column":2}},"2":{"start":{"line":14,"column":21},"end":{"line":14,"column":72}},"3":{"start":{"line":16,"column":0},"end":{"line":26,"column":2}},"4":{"start":{"line":17,"column":2},"end":{"line":17,"column":49}},"5":{"start":{"line":20,"column":16},"end":{"line":20,"column":48}},"6":{"start":{"line":21,"column":19},"end":{"line":24,"column":3}},"7":{"start":{"line":25,"column":2},"end":{"line":25,"column":18}}},"fnMap":{"0":{"name":"(anonymous_0)","decl":{"start":{"line":16,"column":18},"end":{"line":16,"column":19}},"loc":{"start":{"line":16,"column":35},"end":{"line":26,"column":1}},"line":16}},"branchMap":{},"s":{"0":1,"1":1,"2":1,"3":1,"4":1,"5":1,"6":1,"7":1},"f":{"0":1},"b":{},"_coverageSchema":"1a1c01bbd47fc00a2c39e90264f33305004495a9","hash":"b5294daaa2831be284417e7618e239564a1f76c7"}
}
